[0.455s] Invoking command in '/home/user/ros2_ws/src/merge_arrays': PYTHONPATH=/home/user/ros2_ws/build/merge_arrays/prefix_override:/usr/lib/python3/dist-packages/colcon_core/task/python/colcon_distutils_commands:/home/user/ros2_ws/install/merge_arrays/lib/python3.10/site-packages:${PYTHONPATH} /usr/bin/python3 -W ignore:setup.py install is deprecated setup.py egg_info --egg-base ../../build/merge_arrays build --build-base /home/user/ros2_ws/build/merge_arrays/build install --record /home/user/ros2_ws/build/merge_arrays/install.log --single-version-externally-managed install_data
[0.579s] running egg_info
[0.580s] creating ../../build/merge_arrays/merge_arrays.egg-info
[0.580s] writing ../../build/merge_arrays/merge_arrays.egg-info/PKG-INFO
[0.580s] writing dependency_links to ../../build/merge_arrays/merge_arrays.egg-info/dependency_links.txt
[0.580s] writing entry points to ../../build/merge_arrays/merge_arrays.egg-info/entry_points.txt
[0.580s] writing requirements to ../../build/merge_arrays/merge_arrays.egg-info/requires.txt
[0.580s] writing top-level names to ../../build/merge_arrays/merge_arrays.egg-info/top_level.txt
[0.580s] writing manifest file '../../build/merge_arrays/merge_arrays.egg-info/SOURCES.txt'
[0.581s] reading manifest file '../../build/merge_arrays/merge_arrays.egg-info/SOURCES.txt'
[0.581s] adding license file 'LICENSE'
[0.581s] writing manifest file '../../build/merge_arrays/merge_arrays.egg-info/SOURCES.txt'
[0.582s] running build
[0.582s] running build_py
[0.582s] creating /home/user/ros2_ws/build/merge_arrays/build
[0.582s] creating /home/user/ros2_ws/build/merge_arrays/build/lib
[0.582s] creating /home/user/ros2_ws/build/merge_arrays/build/lib/merge_arrays
[0.582s] copying merge_arrays/merger_function.py -> /home/user/ros2_ws/build/merge_arrays/build/lib/merge_arrays
[0.582s] copying merge_arrays/__init__.py -> /home/user/ros2_ws/build/merge_arrays/build/lib/merge_arrays
[0.582s] running install
[0.582s] running install_lib
[0.583s] creating /home/user/ros2_ws/install/merge_arrays/lib/python3.10/site-packages/merge_arrays
[0.583s] copying /home/user/ros2_ws/build/merge_arrays/build/lib/merge_arrays/merger_function.py -> /home/user/ros2_ws/install/merge_arrays/lib/python3.10/site-packages/merge_arrays
[0.583s] copying /home/user/ros2_ws/build/merge_arrays/build/lib/merge_arrays/__init__.py -> /home/user/ros2_ws/install/merge_arrays/lib/python3.10/site-packages/merge_arrays
[0.583s] byte-compiling /home/user/ros2_ws/install/merge_arrays/lib/python3.10/site-packages/merge_arrays/merger_function.py to merger_function.cpython-310.pyc
[0.584s] byte-compiling /home/user/ros2_ws/install/merge_arrays/lib/python3.10/site-packages/merge_arrays/__init__.py to __init__.cpython-310.pyc
[0.584s] running install_data
[0.584s] creating /home/user/ros2_ws/install/merge_arrays/share/ament_index
[0.584s] creating /home/user/ros2_ws/install/merge_arrays/share/ament_index/resource_index
[0.584s] creating /home/user/ros2_ws/install/merge_arrays/share/ament_index/resource_index/packages
[0.584s] copying resource/merge_arrays -> /home/user/ros2_ws/install/merge_arrays/share/ament_index/resource_index/packages
[0.584s] copying package.xml -> /home/user/ros2_ws/install/merge_arrays/share/merge_arrays
[0.584s] running install_egg_info
[0.585s] Copying ../../build/merge_arrays/merge_arrays.egg-info to /home/user/ros2_ws/install/merge_arrays/lib/python3.10/site-packages/merge_arrays-0.0.0-py3.10.egg-info
[0.586s] running install_scripts
[0.600s] Installing merge_arrays_node script to /home/user/ros2_ws/install/merge_arrays/lib/merge_arrays
[0.600s] writing list of installed files to '/home/user/ros2_ws/build/merge_arrays/install.log'
[0.621s] Invoked command in '/home/user/ros2_ws/src/merge_arrays' returned '0': PYTHONPATH=/home/user/ros2_ws/build/merge_arrays/prefix_override:/usr/lib/python3/dist-packages/colcon_core/task/python/colcon_distutils_commands:/home/user/ros2_ws/install/merge_arrays/lib/python3.10/site-packages:${PYTHONPATH} /usr/bin/python3 -W ignore:setup.py install is deprecated setup.py egg_info --egg-base ../../build/merge_arrays build --build-base /home/user/ros2_ws/build/merge_arrays/build install --record /home/user/ros2_ws/build/merge_arrays/install.log --single-version-externally-managed install_data
