[0.541s] Invoking command in '/home/user/ros2_ws/src/merge_arrays': PYTHONPATH=/home/user/ros2_ws/build/merge_arrays/prefix_override:/usr/lib/python3/dist-packages/colcon_core/task/python/colcon_distutils_commands:/home/user/ros2_ws/install/merge_arrays/lib/python3.10/site-packages:${PYTHONPATH} /usr/bin/python3 -W ignore:setup.py install is deprecated setup.py egg_info --egg-base ../../build/merge_arrays build --build-base /home/user/ros2_ws/build/merge_arrays/build install --record /home/user/ros2_ws/build/merge_arrays/install.log --single-version-externally-managed install_data
[0.665s] running egg_info
[0.665s] writing ../../build/merge_arrays/merge_arrays.egg-info/PKG-INFO
[0.665s] writing dependency_links to ../../build/merge_arrays/merge_arrays.egg-info/dependency_links.txt
[0.666s] writing entry points to ../../build/merge_arrays/merge_arrays.egg-info/entry_points.txt
[0.666s] writing requirements to ../../build/merge_arrays/merge_arrays.egg-info/requires.txt
[0.666s] writing top-level names to ../../build/merge_arrays/merge_arrays.egg-info/top_level.txt
[0.667s] reading manifest file '../../build/merge_arrays/merge_arrays.egg-info/SOURCES.txt'
[0.667s] adding license file 'LICENSE'
[0.668s] writing manifest file '../../build/merge_arrays/merge_arrays.egg-info/SOURCES.txt'
[0.668s] running build
[0.668s] running build_py
[0.668s] copying merge_arrays/merger_function.py -> /home/user/ros2_ws/build/merge_arrays/build/lib/merge_arrays
[0.668s] running install
[0.668s] running install_lib
[0.669s] copying /home/user/ros2_ws/build/merge_arrays/build/lib/merge_arrays/merger_function.py -> /home/user/ros2_ws/install/merge_arrays/lib/python3.10/site-packages/merge_arrays
[0.669s] byte-compiling /home/user/ros2_ws/install/merge_arrays/lib/python3.10/site-packages/merge_arrays/merger_function.py to merger_function.cpython-310.pyc
[0.669s] running install_data
[0.669s] running install_egg_info
[0.671s] removing '/home/user/ros2_ws/install/merge_arrays/lib/python3.10/site-packages/merge_arrays-0.0.0-py3.10.egg-info' (and everything under it)
[0.671s] Copying ../../build/merge_arrays/merge_arrays.egg-info to /home/user/ros2_ws/install/merge_arrays/lib/python3.10/site-packages/merge_arrays-0.0.0-py3.10.egg-info
[0.671s] running install_scripts
[0.683s] Installing merge_arrays_node script to /home/user/ros2_ws/install/merge_arrays/lib/merge_arrays
[0.683s] writing list of installed files to '/home/user/ros2_ws/build/merge_arrays/install.log'
[0.700s] Invoked command in '/home/user/ros2_ws/src/merge_arrays' returned '0': PYTHONPATH=/home/user/ros2_ws/build/merge_arrays/prefix_override:/usr/lib/python3/dist-packages/colcon_core/task/python/colcon_distutils_commands:/home/user/ros2_ws/install/merge_arrays/lib/python3.10/site-packages:${PYTHONPATH} /usr/bin/python3 -W ignore:setup.py install is deprecated setup.py egg_info --egg-base ../../build/merge_arrays build --build-base /home/user/ros2_ws/build/merge_arrays/build install --record /home/user/ros2_ws/build/merge_arrays/install.log --single-version-externally-managed install_data
