[0.641s] Invoking command in '/home/user/ros2_ws/src/py_pubsub': PYTHONPATH=/home/user/ros2_ws/build/py_pubsub/prefix_override:/usr/lib/python3/dist-packages/colcon_core/task/python/colcon_distutils_commands:/home/user/ros2_ws/install/py_pubsub/lib/python3.10/site-packages:${PYTHONPATH} /usr/bin/python3 -W ignore:setup.py install is deprecated setup.py egg_info --egg-base ../../build/py_pubsub build --build-base /home/user/ros2_ws/build/py_pubsub/build install --record /home/user/ros2_ws/build/py_pubsub/install.log --single-version-externally-managed install_data
[0.783s] running egg_info
[0.784s] creating ../../build/py_pubsub/py_pubsub.egg-info
[0.784s] writing ../../build/py_pubsub/py_pubsub.egg-info/PKG-INFO
[0.784s] writing dependency_links to ../../build/py_pubsub/py_pubsub.egg-info/dependency_links.txt
[0.784s] writing entry points to ../../build/py_pubsub/py_pubsub.egg-info/entry_points.txt
[0.784s] writing requirements to ../../build/py_pubsub/py_pubsub.egg-info/requires.txt
[0.784s] writing top-level names to ../../build/py_pubsub/py_pubsub.egg-info/top_level.txt
[0.784s] writing manifest file '../../build/py_pubsub/py_pubsub.egg-info/SOURCES.txt'
[0.785s] reading manifest file '../../build/py_pubsub/py_pubsub.egg-info/SOURCES.txt'
[0.785s] adding license file 'LICENSE'
[0.785s] writing manifest file '../../build/py_pubsub/py_pubsub.egg-info/SOURCES.txt'
[0.786s] running build
[0.786s] running build_py
[0.786s] creating /home/user/ros2_ws/build/py_pubsub/build
[0.786s] creating /home/user/ros2_ws/build/py_pubsub/build/lib
[0.786s] creating /home/user/ros2_ws/build/py_pubsub/build/lib/py_pubsub
[0.786s] copying py_pubsub/publisher_member_function.py -> /home/user/ros2_ws/build/py_pubsub/build/lib/py_pubsub
[0.786s] copying py_pubsub/subscriber_member_function.py -> /home/user/ros2_ws/build/py_pubsub/build/lib/py_pubsub
[0.787s] copying py_pubsub/__init__.py -> /home/user/ros2_ws/build/py_pubsub/build/lib/py_pubsub
[0.787s] running install
[0.787s] running install_lib
[0.788s] creating /home/user/ros2_ws/install/py_pubsub/lib/python3.10/site-packages/py_pubsub
[0.788s] copying /home/user/ros2_ws/build/py_pubsub/build/lib/py_pubsub/publisher_member_function.py -> /home/user/ros2_ws/install/py_pubsub/lib/python3.10/site-packages/py_pubsub
[0.788s] copying /home/user/ros2_ws/build/py_pubsub/build/lib/py_pubsub/subscriber_member_function.py -> /home/user/ros2_ws/install/py_pubsub/lib/python3.10/site-packages/py_pubsub
[0.788s] copying /home/user/ros2_ws/build/py_pubsub/build/lib/py_pubsub/__init__.py -> /home/user/ros2_ws/install/py_pubsub/lib/python3.10/site-packages/py_pubsub
[0.788s] byte-compiling /home/user/ros2_ws/install/py_pubsub/lib/python3.10/site-packages/py_pubsub/publisher_member_function.py to publisher_member_function.cpython-310.pyc
[0.789s] byte-compiling /home/user/ros2_ws/install/py_pubsub/lib/python3.10/site-packages/py_pubsub/subscriber_member_function.py to subscriber_member_function.cpython-310.pyc
[0.789s] byte-compiling /home/user/ros2_ws/install/py_pubsub/lib/python3.10/site-packages/py_pubsub/__init__.py to __init__.cpython-310.pyc
[0.789s] running install_data
[0.789s] creating /home/user/ros2_ws/install/py_pubsub/share/ament_index
[0.789s] creating /home/user/ros2_ws/install/py_pubsub/share/ament_index/resource_index
[0.789s] creating /home/user/ros2_ws/install/py_pubsub/share/ament_index/resource_index/packages
[0.789s] copying resource/py_pubsub -> /home/user/ros2_ws/install/py_pubsub/share/ament_index/resource_index/packages
[0.789s] copying package.xml -> /home/user/ros2_ws/install/py_pubsub/share/py_pubsub
[0.790s] running install_egg_info
[0.791s] Copying ../../build/py_pubsub/py_pubsub.egg-info to /home/user/ros2_ws/install/py_pubsub/lib/python3.10/site-packages/py_pubsub-0.0.0-py3.10.egg-info
[0.791s] running install_scripts
[0.804s] Installing listener script to /home/user/ros2_ws/install/py_pubsub/lib/py_pubsub
[0.804s] Installing talker script to /home/user/ros2_ws/install/py_pubsub/lib/py_pubsub
[0.804s] writing list of installed files to '/home/user/ros2_ws/build/py_pubsub/install.log'
[0.836s] Invoked command in '/home/user/ros2_ws/src/py_pubsub' returned '0': PYTHONPATH=/home/user/ros2_ws/build/py_pubsub/prefix_override:/usr/lib/python3/dist-packages/colcon_core/task/python/colcon_distutils_commands:/home/user/ros2_ws/install/py_pubsub/lib/python3.10/site-packages:${PYTHONPATH} /usr/bin/python3 -W ignore:setup.py install is deprecated setup.py egg_info --egg-base ../../build/py_pubsub build --build-base /home/user/ros2_ws/build/py_pubsub/build install --record /home/user/ros2_ws/build/py_pubsub/install.log --single-version-externally-managed install_data
